<?xml version="1.0" encoding="UTF-8"?>
<testsuite xmlns:xsi="http://www.w3.org/2001/XMLSchema-instance" xsi:noNamespaceSchemaLocation="https://maven.apache.org/surefire/maven-surefire-plugin/xsd/surefire-test-report.xsd" name="LoginTest" time="35.05" tests="8" errors="0" skipped="0" failures="0">
  <properties>
[...]
</properties>
  <testcase name="accountButtonSighInCheck[0]" classname="LoginTest" time="3.617"/>
  <testcase name="homePageSignInButtonCheck[0]" classname="LoginTest" time="3.06"/>
  <testcase name="regPageSignInLinkCheck[0]" classname="LoginTest" time="4.959"/>
  <testcase name="forgotPageSignInLinkCheck[0]" classname="LoginTest" time="3.31"/>
  <testcase name="accountButtonSighInCheck[1]" classname="LoginTest" time="3.909"/>
  <testcase name="homePageSignInButtonCheck[1]" classname="LoginTest" time="6.106"/>
  <testcase name="regPageSignInLinkCheck[1]" classname="LoginTest" time="5.012"/>
  <testcase name="forgotPageSignInLinkCheck[1]" classname="LoginTest" time="5.061"/>
</testsuite>